<?xml version="1.0" encoding="UTF-8"?>
<!-- Generated by org.testng.reporters.JUnitReportReporter -->
<testsuite hostname="DESKTOP-4BNDCLB" failures="0" tests="3" name="Test.SampleTest" time="19.211" errors="0" timestamp="2023-10-22T11:11:54 EDT" skipped="0">
  <testcase classname="Test.SampleTest" name="testCase2" time="7.722"/>
  <testcase classname="Test.SampleTest" name="testCase3" time="5.767"/>
  <testcase classname="Test.SampleTest" name="testCase1" time="5.722"/>
</testsuite> <!-- Test.SampleTest -->
